<?xml version="1.0" encoding="UTF-8"?>
<!-- Generated by org.testng.reporters.JUnitReportReporter -->
<testsuite hostname="MacBook-Pro.local" failures="0" tests="1" name="FactoryTest" time="0.008" errors="0" timestamp="2022-09-08T22:07:12 EEST" skipped="0">
  <testcase classname="FactoryTest" name="rectangle" time="0.008"/>
  <system-out/>
</testsuite> <!-- FactoryTest -->
